<?xml version="1.0" encoding="UTF-8"?>
<!-- Generated by org.testng.reporters.JUnitXMLReporter -->
<testsuite ignored="0" hostname="DESKTOP-UO09EH4" failures="0" tests="4" name="Default test" time="1.384" errors="0" timestamp="2024-03-05T21:07:13 IST">
  <testcase classname="org.maya.ExcelDriven.DataProviderTest" name="Test1" time="0.014"/>
  <testcase classname="org.maya.ExcelDriven.DataProviderTest" name="Test1" time="0.008"/>
  <testcase classname="org.maya.ExcelDriven.DataProviderTest" name="Test1" time="0.009"/>
  <testcase classname="org.maya.ExcelDriven.DataProviderTest" name="Test1" time="0.009"/>
</testsuite> <!-- Default test -->
